<?xml version="1.0" encoding="UTF-8"?>
<testsuite name="fr.pierrezemb.fdb.layer.etcd.TestMainVerticle" tests="1" skipped="0" failures="0" errors="0" timestamp="2020-03-21T12:17:03" hostname="pierrez-xps" time="0.293">
  <properties/>
  <testcase name="verticle_deployed(Vertx, VertxTestContext)" classname="fr.pierrezemb.fdb.layer.etcd.TestMainVerticle" time="0.293"/>
  <system-out><![CDATA[HTTP server started on port 8888
]]></system-out>
  <system-err><![CDATA[]]></system-err>
</testsuite>
